<?xml version="1.0" encoding="UTF-8"?>
<testsuite name="ResistorColorDuoTest" tests="5" skipped="0" failures="0" errors="0" timestamp="2020-07-14T13:52:52" hostname="DESKTOP-GAVGIIS" time="0.018">
  <properties/>
  <testcase name="testBrownAndBlack" classname="ResistorColorDuoTest" time="0.016"/>
  <testcase name="testBlueAndGrey" classname="ResistorColorDuoTest" time="0.001"/>
  <testcase name="testOrangeAndOrange" classname="ResistorColorDuoTest" time="0.0"/>
  <testcase name="testYellowAndViolet" classname="ResistorColorDuoTest" time="0.001"/>
  <testcase name="testIgnoreAdditionalColors" classname="ResistorColorDuoTest" time="0.0"/>
  <system-out><![CDATA[1
10
6
68
3
33
4
47
5
51
]]></system-out>
  <system-err><![CDATA[]]></system-err>
</testsuite>
